{"logTime": "1118/153836", "correlationVector":"7LnRjGAii4IBmJhfb8YFNe.0","action":"FeedSettingFetch_homeCloud", "result":"0", "context":{}}
{"logTime": "1118/153836", "correlationVector":"7LnRjGAii4IBmJhfb8YFNe.0","action":"SyncServerConnectionManagerRequest", "result":"SYNC_SERVER_OK", "context":{"environment":"", "migrationStage":"", "server":""}}
{"logTime": "1118/153836", "correlationVector":"k0L9w3wYCRxjjejRX4dnv5.1","action":"SyncServerConnectionManagerRequest", "result":"SYNC_SERVER_OK", "context":{"environment":"Prod_SoutheastAsia_000j", "migrationStage":"NotStarted", "server":"GENERAL0100000A"}}
{"logTime": "1118/153836", "correlationVector":"k0L9w3wYCRxjjejRX4dnv5","action":"Initial GetUpdates", "result":"", "context":Reason: NEW_CLIENT. cV=k0L9w3wYCRxjjejRX4dnv5}
{"logTime": "1118/153836", "correlationVector":"k0L9w3wYCRxjjejRX4dnv5.2","action":"GetUpdates Response", "result":"SYNCER_OK", "context":Received 1 update(s). cV=k0L9w3wYCRxjjejRX4dnv5.0;server=GENERAL0100000A;cloudType=Consumer;environment=Prod_SoutheastAsia_000j;migrationStage=NotStarted}
{"logTime": "1118/153836", "correlationVector":"JoIZINxn41bwBJ0M5dbRfG","action":"Initial GetUpdates", "result":"", "context":Reason: NEW_CLIENT. cV=JoIZINxn41bwBJ0M5dbRfG}
{"logTime": "1118/153836", "correlationVector":"JoIZINxn41bwBJ0M5dbRfG.1","action":"SyncServerConnectionManagerRequest", "result":"SYNC_SERVER_OK", "context":{"environment":"Prod_SoutheastAsia_000j", "migrationStage":"NotStarted", "server":"GENERAL01000003"}}
{"logTime": "1118/153836", "correlationVector":"JoIZINxn41bwBJ0M5dbRfG.2","action":"GetUpdates Response", "result":"SYNCER_OK", "context":Received 3 update(s). cV=JoIZINxn41bwBJ0M5dbRfG.0;server=GENERAL01000003;cloudType=Consumer;environment=Prod_SoutheastAsia_000j;migrationStage=NotStarted}
{"logTime": "1118/153836", "correlationVector":"bBG5FB5Jxp1kfuadvwhQNl","action":"Normal GetUpdate request", "result":"", "context":cV=bBG5FB5Jxp1kfuadvwhQNl
Nudged types: Device Info, User Consents
Refresh requested types: Device Info, User Consents, Send Tab To Self, Encryption Keys}
{"logTime": "1118/153836", "correlationVector":"bBG5FB5Jxp1kfuadvwhQNl.1","action":"SyncServerConnectionManagerRequest", "result":"SYNC_SERVER_OK", "context":{"environment":"Prod_SoutheastAsia_000j", "migrationStage":"NotStarted", "server":"GENERAL0100001I"}}
{"logTime": "1118/153836", "correlationVector":"bBG5FB5Jxp1kfuadvwhQNl.2","action":"GetUpdates Response", "result":"SYNCER_OK", "context":Received 0 update(s). cV=bBG5FB5Jxp1kfuadvwhQNl.0;server=GENERAL0100001I;cloudType=Consumer;environment=Prod_SoutheastAsia_000j;migrationStage=NotStarted}
{"logTime": "1118/153836", "correlationVector":"erVcVzSVIfs5Zt9vBeQgHT","action":"Commit Request", "result":"", "context":Item count: 1
Contributing types: Device Info}
{"logTime": "1118/153836", "correlationVector":"erVcVzSVIfs5Zt9vBeQgHT.1","action":"SyncServerConnectionManagerRequest", "result":"SYNC_SERVER_OK", "context":{"environment":"Prod_SoutheastAsia_000j", "migrationStage":"NotStarted", "server":"GENERAL01000009"}}
{"logTime": "1118/153836", "correlationVector":"erVcVzSVIfs5Zt9vBeQgHT.2","action":"Commit Response", "result":"SYNCER_OK", "context":Result: SYNCER_OK. cV=erVcVzSVIfs5Zt9vBeQgHT.0;server=GENERAL01000009;cloudType=Consumer;environment=Prod_SoutheastAsia_000j;migrationStage=NotStarted}
{"logTime": "1118/153836", "correlationVector":"UYjcFt5vjbF7NjO0l3xpMl","action":"Commit Request", "result":"", "context":Item count: 2
Contributing types: User Consents}
{"logTime": "1118/153836", "correlationVector":"UYjcFt5vjbF7NjO0l3xpMl.1","action":"SyncServerConnectionManagerRequest", "result":"SYNC_SERVER_OK", "context":{"environment":"Prod_SoutheastAsia_000j", "migrationStage":"NotStarted", "server":"GENERAL0100000P"}}
{"logTime": "1118/153836", "correlationVector":"UYjcFt5vjbF7NjO0l3xpMl.2","action":"Commit Response", "result":"SYNCER_OK", "context":Result: SYNCER_OK. cV=UYjcFt5vjbF7NjO0l3xpMl.0;server=GENERAL0100000P;cloudType=Consumer;environment=Prod_SoutheastAsia_000j;migrationStage=NotStarted}
{"logTime": "1118/153836", "correlationVector":"S3beS284iTMIulMjSgqUZW","action":"Initial GetUpdates", "result":"", "context":Reason: RECONFIGURATION. cV=S3beS284iTMIulMjSgqUZW}
{"logTime": "1118/153836", "correlationVector":"S3beS284iTMIulMjSgqUZW.1","action":"SyncServerConnectionManagerRequest", "result":"SYNC_SERVER_OK", "context":{"environment":"Prod_SoutheastAsia_000j", "migrationStage":"NotStarted", "server":"GENERAL01000004"}}
{"logTime": "1118/153836", "correlationVector":"S3beS284iTMIulMjSgqUZW.2","action":"GetUpdates", "result":"DeleteReceived", "context":{"id":"648d02a1-9037-41d4-8711-f34775ce8624", "isDeleted:":"true", "version":"1688154103666"}}
{"logTime": "1118/153836", "correlationVector":"S3beS284iTMIulMjSgqUZW.3","action":"GetUpdates Response", "result":"SYNCER_OK", "context":Received 127 update(s). cV=S3beS284iTMIulMjSgqUZW.0;server=GENERAL01000004;cloudType=Consumer;environment=Prod_SoutheastAsia_000j;migrationStage=NotStarted}
{"logTime": "1118/153836", "correlationVector":"sG6RAittpvrW3pGucR7FJB","action":"Initial GetUpdates", "result":"", "context":Reason: RECONFIGURATION. cV=sG6RAittpvrW3pGucR7FJB}
{"logTime": "1118/153836", "correlationVector":"sG6RAittpvrW3pGucR7FJB.1","action":"SyncServerConnectionManagerRequest", "result":"SYNC_SERVER_OK", "context":{"environment":"Prod_SoutheastAsia_000j", "migrationStage":"NotStarted", "server":"GENERAL0100000O"}}
{"logTime": "1118/153836", "correlationVector":"sG6RAittpvrW3pGucR7FJB.2","action":"GetUpdates", "result":"DeleteReceived", "context":{"id":"2b174a11-9a74-48ff-a00a-5f2563067da1", "isDeleted:":"true", "version":"1688991506936"}}
{"logTime": "1118/153836", "correlationVector":"sG6RAittpvrW3pGucR7FJB.3","action":"GetUpdates", "result":"DeleteReceived", "context":{"id":"95d213e4-719c-4b87-88c8-736585ca9b56", "isDeleted:":"true", "version":"1697363622294"}}
{"logTime": "1118/153836", "correlationVector":"sG6RAittpvrW3pGucR7FJB.4","action":"GetUpdates Response", "result":"SYNCER_OK", "context":Received 35 update(s). cV=sG6RAittpvrW3pGucR7FJB.0;server=GENERAL0100000O;cloudType=Consumer;environment=Prod_SoutheastAsia_000j;migrationStage=NotStarted}
{"logTime": "1118/153836", "correlationVector":"deUPgaOXIL2q+hcotC1ZlN","action":"Initial GetUpdates", "result":"", "context":Reason: RECONFIGURATION. cV=deUPgaOXIL2q+hcotC1ZlN}
{"logTime": "1118/153836", "correlationVector":"deUPgaOXIL2q+hcotC1ZlN.1","action":"SyncServerConnectionManagerRequest", "result":"SYNC_SERVER_OK", "context":{"environment":"Prod_SoutheastAsia_000j", "migrationStage":"NotStarted", "server":"GENERAL0100000J"}}
{"logTime": "1118/153836", "correlationVector":"deUPgaOXIL2q+hcotC1ZlN.2","action":"GetUpdates Response", "result":"SERVER_MORE_TO_DOWNLOAD", "context":Received 250 update(s).  Some updates remain.}
{"logTime": "1118/153836", "correlationVector":"i4PlWxzzngjuhJZJanIcin","action":"Initial GetUpdates", "result":"", "context":Reason: RECONFIGURATION. cV=i4PlWxzzngjuhJZJanIcin}
{"logTime": "1118/153836", "correlationVector":"i4PlWxzzngjuhJZJanIcin.1","action":"SyncServerConnectionManagerRequest", "result":"SYNC_SERVER_OK", "context":{"environment":"Prod_SoutheastAsia_000j", "migrationStage":"NotStarted", "server":"GENERAL0100000K"}}
{"logTime": "1118/153836", "correlationVector":"i4PlWxzzngjuhJZJanIcin.2","action":"GetUpdates", "result":"DeleteReceived", "context":{"id":"eaf00c95-d963-4a39-b457-df8b54c5b6e2", "isDeleted:":"true", "version":"1694349669256"}}
{"logTime": "1118/153836", "correlationVector":"i4PlWxzzngjuhJZJanIcin.3","action":"GetUpdates", "result":"DeleteReceived", "context":{"id":"a91c8d48-1e8d-4896-a46a-f241379b2cd7", "isDeleted:":"true", "version":"1695999987242"}}
{"logTime": "1118/153836", "correlationVector":"i4PlWxzzngjuhJZJanIcin.4","action":"GetUpdates", "result":"DeleteReceived", "context":{"id":"29b90cf5-75c1-4222-bd8b-538dc7bb75f5", "isDeleted:":"true", "version":"1696070321650"}}
{"logTime": "1118/153836", "correlationVector":"i4PlWxzzngjuhJZJanIcin.5","action":"GetUpdates", "result":"DeleteReceived", "context":{"id":"845dbd58-2db2-4ac4-9ada-55419afd9c3a", "isDeleted:":"true", "version":"1696070387376"}}
{"logTime": "1118/153836", "correlationVector":"i4PlWxzzngjuhJZJanIcin.6","action":"GetUpdates", "result":"DeleteReceived", "context":{"id":"cd502d9a-a49d-4117-9dd5-238ea0ab1924", "isDeleted:":"true", "version":"1696070387377"}}
{"logTime": "1118/153836", "correlationVector":"i4PlWxzzngjuhJZJanIcin.7","action":"GetUpdates", "result":"DeleteReceived", "context":{"id":"6d0f6499-9988-4e22-9f97-87c92c3c452d", "isDeleted:":"true", "version":"1696070387378"}}
{"logTime": "1118/153836", "correlationVector":"i4PlWxzzngjuhJZJanIcin.8","action":"GetUpdates", "result":"DeleteReceived", "context":{"id":"2ab362cc-e204-4b8c-9b31-1a399c24461a", "isDeleted:":"true", "version":"1696070387379"}}
{"logTime": "1118/153836", "correlationVector":"i4PlWxzzngjuhJZJanIcin.9","action":"GetUpdates", "result":"DeleteReceived", "context":{"id":"1d112eee-695b-4cba-b102-6060723e244e", "isDeleted:":"true", "version":"1696071841032"}}
{"logTime": "1118/153836", "correlationVector":"i4PlWxzzngjuhJZJanIcin.10","action":"GetUpdates", "result":"DeleteReceived", "context":{"id":"c0dbff64-5fa8-4d95-b034-36bb3e3d69c4", "isDeleted:":"true", "version":"1696072784244"}}
{"logTime": "1118/153836", "correlationVector":"i4PlWxzzngjuhJZJanIcin.11","action":"GetUpdates", "result":"DeleteReceived", "context":{"id":"935e2d25-257c-4c73-b2ec-76dcf68ff1a9", "isDeleted:":"true", "version":"1696072784245"}}
{"logTime": "1118/153836", "correlationVector":"i4PlWxzzngjuhJZJanIcin.12","action":"GetUpdates", "result":"DeleteReceived", "context":{"id":"fe15909d-a42e-40f9-88f9-8a070930ef7e", "isDeleted:":"true", "version":"1696072784247"}}
{"logTime": "1118/153836", "correlationVector":"i4PlWxzzngjuhJZJanIcin.13","action":"GetUpdates", "result":"DeleteReceived", "context":{"id":"7ae131be-7b14-468c-8e57-d04c19df55df", "isDeleted:":"true", "version":"1696072863557"}}
{"logTime": "1118/153836", "correlationVector":"i4PlWxzzngjuhJZJanIcin.14","action":"GetUpdates", "result":"DeleteReceived", "context":{"id":"7072b0fe-a626-4217-b849-03e9fd30bccc", "isDeleted:":"true", "version":"1696159919591"}}
{"logTime": "1118/153836", "correlationVector":"i4PlWxzzngjuhJZJanIcin.15","action":"GetUpdates", "result":"DeleteReceived", "context":{"id":"04eecbea-66c0-4dc8-9dc1-7d729be54fc9", "isDeleted:":"true", "version":"1696159919592"}}
{"logTime": "1118/153836", "correlationVector":"i4PlWxzzngjuhJZJanIcin.16","action":"GetUpdates", "result":"DeleteReceived", "context":{"id":"af18e54f-124d-43d4-82b6-fb9f7991712a", "isDeleted:":"true", "version":"1696159919593"}}
{"logTime": "1118/153836", "correlationVector":"i4PlWxzzngjuhJZJanIcin.17","action":"GetUpdates", "result":"DeleteReceived", "context":{"id":"31c9e711-12e5-4a3a-8b30-c827fe9ab45d", "isDeleted:":"true", "version":"1696159919594"}}
{"logTime": "1118/153836", "correlationVector":"i4PlWxzzngjuhJZJanIcin.18","action":"GetUpdates", "result":"DeleteReceived", "context":{"id":"b2b6a086-896d-4c1f-8c82-c1aaadd6ad52", "isDeleted:":"true", "version":"1696159919596"}}
{"logTime": "1118/153836", "correlationVector":"i4PlWxzzngjuhJZJanIcin.19","action":"GetUpdates Response", "result":"SERVER_MORE_TO_DOWNLOAD", "context":Received 250 update(s).  Some updates remain.}
{"logTime": "1118/153836", "correlationVector":"/sw0xbyV0JmVTSsI/WjvJG","action":"Initial GetUpdates", "result":"", "context":Reason: RECONFIGURATION. cV=/sw0xbyV0JmVTSsI/WjvJG}
{"logTime": "1118/153836", "correlationVector":"/sw0xbyV0JmVTSsI/WjvJG.1","action":"SyncServerConnectionManagerRequest", "result":"SYNC_SERVER_OK", "context":{"environment":"Prod_SoutheastAsia_000j", "migrationStage":"NotStarted", "server":"GENERAL0100000U"}}
{"logTime": "1118/153836", "correlationVector":"/sw0xbyV0JmVTSsI/WjvJG.2","action":"GetUpdates", "result":"DeleteReceived", "context":{"id":"b03b8796-bff4-4cdf-b447-d2e8df6060ea", "isDeleted:":"true", "version":"1696159929678"}}
{"logTime": "1118/153836", "correlationVector":"/sw0xbyV0JmVTSsI/WjvJG.3","action":"GetUpdates", "result":"DeleteReceived", "context":{"id":"b02caafa-e477-4d05-95b2-7e9d074eae3c", "isDeleted:":"true", "version":"1696236839314"}}
{"logTime": "1118/153836", "correlationVector":"/sw0xbyV0JmVTSsI/WjvJG.4","action":"GetUpdates", "result":"DeleteReceived", "context":{"id":"94f67fda-67a7-4620-a394-93f529b637f4", "isDeleted:":"true", "version":"1696236839315"}}
{"logTime": "1118/153836", "correlationVector":"/sw0xbyV0JmVTSsI/WjvJG.5","action":"GetUpdates", "result":"DeleteReceived", "context":{"id":"8aee67ba-244c-4a4a-ab40-f5684e93039b", "isDeleted:":"true", "version":"1696347539908"}}
{"logTime": "1118/153836", "correlationVector":"/sw0xbyV0JmVTSsI/WjvJG.6","action":"GetUpdates", "result":"DeleteReceived", "context":{"id":"00608719-5211-427f-9f8c-df1fe0c2e60d", "isDeleted:":"true", "version":"1696363271925"}}
{"logTime": "1118/153836", "correlationVector":"/sw0xbyV0JmVTSsI/WjvJG.7","action":"GetUpdates", "result":"DeleteReceived", "context":{"id":"381ddec7-627f-464f-b568-1427a6c54852", "isDeleted:":"true", "version":"1696363271928"}}
{"logTime": "1118/153836", "correlationVector":"/sw0xbyV0JmVTSsI/WjvJG.8","action":"GetUpdates", "result":"DeleteReceived", "context":{"id":"e894d707-c33e-42bb-9cc9-cb15241ff877", "isDeleted:":"true", "version":"1696415151223"}}
{"logTime": "1118/153836", "correlationVector":"/sw0xbyV0JmVTSsI/WjvJG.9","action":"GetUpdates", "result":"DeleteReceived", "context":{"id":"852185a1-2ae1-41d0-ae1e-c22a5f6c9ae2", "isDeleted:":"true", "version":"1696415151224"}}
{"logTime": "1118/153836", "correlationVector":"/sw0xbyV0JmVTSsI/WjvJG.10","action":"GetUpdates", "result":"DeleteReceived", "context":{"id":"c2bdae33-0cfa-47fc-bb61-e8eb8d2c25c5", "isDeleted:":"true", "version":"1696415151225"}}
{"logTime": "1118/153836", "correlationVector":"/sw0xbyV0JmVTSsI/WjvJG.11","action":"GetUpdates", "result":"DeleteReceived", "context":{"id":"1410389a-cb1d-45c7-9395-5a31591ea54b", "isDeleted:":"true", "version":"1696415151227"}}
{"logTime": "1118/153836", "correlationVector":"/sw0xbyV0JmVTSsI/WjvJG.12","action":"GetUpdates", "result":"DeleteReceived", "context":{"id":"d4e536bb-932c-4586-878f-2e300d3e2361", "isDeleted:":"true", "version":"1696415151229"}}
{"logTime": "1118/153836", "correlationVector":"/sw0xbyV0JmVTSsI/WjvJG.13","action":"GetUpdates", "result":"DeleteReceived", "context":{"id":"99a4b169-338c-49e8-9dec-3f33dbbc7005", "isDeleted:":"true", "version":"1696415151230"}}
{"logTime": "1118/153836", "correlationVector":"/sw0xbyV0JmVTSsI/WjvJG.14","action":"GetUpdates", "result":"DeleteReceived", "context":{"id":"20e7ddd5-a805-43ce-b5d1-c231530cf0e1", "isDeleted:":"true", "version":"1696415151231"}}
{"logTime": "1118/153836", "correlationVector":"/sw0xbyV0JmVTSsI/WjvJG.15","action":"GetUpdates", "result":"DeleteReceived", "context":{"id":"ed6f6aa1-58d0-409b-9b9d-bca6e4c317a4", "isDeleted:":"true", "version":"1696422582337"}}
{"logTime": "1118/153836", "correlationVector":"/sw0xbyV0JmVTSsI/WjvJG.16","action":"GetUpdates", "result":"DeleteReceived", "context":{"id":"0c6efa9d-9358-4029-aed4-7361643acb01", "isDeleted:":"true", "version":"1696522236535"}}
{"logTime": "1118/153836", "correlationVector":"/sw0xbyV0JmVTSsI/WjvJG.17","action":"GetUpdates", "result":"DeleteReceived", "context":{"id":"9b42afa7-6776-4ed3-b587-e40bfcac8256", "isDeleted:":"true", "version":"1696532866219"}}
{"logTime": "1118/153836", "correlationVector":"/sw0xbyV0JmVTSsI/WjvJG.18","action":"GetUpdates", "result":"DeleteReceived", "context":{"id":"c31d40dc-9044-43b7-8645-30c767987d4f", "isDeleted:":"true", "version":"1696573055045"}}
{"logTime": "1118/153836", "correlationVector":"/sw0xbyV0JmVTSsI/WjvJG.19","action":"GetUpdates", "result":"DeleteReceived", "context":{"id":"d76f7de4-b1eb-4dd5-859e-6d3ff238c91e", "isDeleted:":"true", "version":"1696573068785"}}
{"logTime": "1118/153836", "correlationVector":"/sw0xbyV0JmVTSsI/WjvJG.20","action":"GetUpdates", "result":"DeleteReceived", "context":{"id":"5bdd328c-97e4-4692-a762-d69d6dc46fe4", "isDeleted:":"true", "version":"1696579748952"}}
{"logTime": "1118/153836", "correlationVector":"/sw0xbyV0JmVTSsI/WjvJG.21","action":"GetUpdates", "result":"DeleteReceived", "context":{"id":"a8a7adf1-1406-4162-b8a9-f714a63efabe", "isDeleted:":"true", "version":"1696601853196"}}
{"logTime": "1118/153836", "correlationVector":"/sw0xbyV0JmVTSsI/WjvJG.22","action":"GetUpdates", "result":"DeleteReceived", "context":{"id":"ec41e065-bf92-44b6-b7f2-0be691669706", "isDeleted:":"true", "version":"1696610346059"}}
{"logTime": "1118/153836", "correlationVector":"/sw0xbyV0JmVTSsI/WjvJG.23","action":"GetUpdates", "result":"DeleteReceived", "context":{"id":"f46bc80d-bfe7-4d5f-a91b-df71c6b63942", "isDeleted:":"true", "version":"1696610346060"}}
{"logTime": "1118/153836", "correlationVector":"/sw0xbyV0JmVTSsI/WjvJG.24","action":"GetUpdates", "result":"DeleteReceived", "context":{"id":"14183101-a14e-4665-962e-22813e8b163b", "isDeleted:":"true", "version":"1696610346061"}}
{"logTime": "1118/153836", "correlationVector":"/sw0xbyV0JmVTSsI/WjvJG.25","action":"GetUpdates", "result":"DeleteReceived", "context":{"id":"a0c12375-2c4b-4e7e-bdaa-284fd07ef21b", "isDeleted:":"true", "version":"1696610346062"}}
{"logTime": "1118/153836", "correlationVector":"/sw0xbyV0JmVTSsI/WjvJG.26","action":"GetUpdates", "result":"DeleteReceived", "context":{"id":"628ecd33-4b3d-4bd1-a62c-5d19e42984a0", "isDeleted:":"true", "version":"1696610346063"}}
{"logTime": "1118/153836", "correlationVector":"/sw0xbyV0JmVTSsI/WjvJG.27","action":"GetUpdates", "result":"DeleteReceived", "context":{"id":"401a3699-ae0b-4411-aae9-781bf3539487", "isDeleted:":"true", "version":"1696610346064"}}
{"logTime": "1118/153836", "correlationVector":"/sw0xbyV0JmVTSsI/WjvJG.28","action":"GetUpdates", "result":"DeleteReceived", "context":{"id":"e28a9efd-7137-4601-9cfa-2beae0253579", "isDeleted:":"true", "version":"1696610346065"}}
{"logTime": "1118/153836", "correlationVector":"/sw0xbyV0JmVTSsI/WjvJG.29","action":"GetUpdates", "result":"DeleteReceived", "context":{"id":"b4ae0366-6a26-4592-b6e7-3dac4af3e402", "isDeleted:":"true", "version":"1696610346066"}}
{"logTime": "1118/153836", "correlationVector":"/sw0xbyV0JmVTSsI/WjvJG.30","action":"GetUpdates", "result":"DeleteReceived", "context":{"id":"c8c20686-b433-4396-9ffe-b69a2a38562d", "isDeleted:":"true", "version":"1696673990681"}}
{"logTime": "1118/153836", "correlationVector":"/sw0xbyV0JmVTSsI/WjvJG.31","action":"GetUpdates", "result":"DeleteReceived", "context":{"id":"5dc41c87-a102-40af-ab25-c065dc93a7d1", "isDeleted:":"true", "version":"1696673990682"}}
{"logTime": "1118/153836", "correlationVector":"/sw0xbyV0JmVTSsI/WjvJG.32","action":"GetUpdates", "result":"DeleteReceived", "context":{"id":"a558f70a-c4e3-476e-a0c8-6d61e7aa18c9", "isDeleted:":"true", "version":"1696673990683"}}
{"logTime": "1118/153836", "correlationVector":"/sw0xbyV0JmVTSsI/WjvJG.33","action":"GetUpdates", "result":"DeleteReceived", "context":{"id":"ff6a3962-ce38-4190-a0b6-c0a765dcc501", "isDeleted:":"true", "version":"1696673990685"}}
{"logTime": "1118/153836", "correlationVector":"/sw0xbyV0JmVTSsI/WjvJG.34","action":"GetUpdates", "result":"DeleteReceived", "context":{"id":"10e92a88-7dbe-41c0-bb17-b621dff1796b", "isDeleted:":"true", "version":"1696679706350"}}
{"logTime": "1118/153836", "correlationVector":"/sw0xbyV0JmVTSsI/WjvJG.35","action":"GetUpdates", "result":"DeleteReceived", "context":{"id":"f245dc2a-8cae-4986-b2ba-aae75546309b", "isDeleted:":"true", "version":"1696679865740"}}
{"logTime": "1118/153836", "correlationVector":"/sw0xbyV0JmVTSsI/WjvJG.36","action":"GetUpdates", "result":"DeleteReceived", "context":{"id":"7cf2a80a-457d-48e3-8b02-0e8f2c0144e7", "isDeleted:":"true", "version":"1696748364450"}}
{"logTime": "1118/153836", "correlationVector":"/sw0xbyV0JmVTSsI/WjvJG.37","action":"GetUpdates", "result":"DeleteReceived", "context":{"id":"237346f9-7568-4d01-aa52-b0114f10ad33", "isDeleted:":"true", "version":"1696771341135"}}
{"logTime": "1118/153836", "correlationVector":"/sw0xbyV0JmVTSsI/WjvJG.38","action":"GetUpdates", "result":"DeleteReceived", "context":{"id":"5109ec29-a919-4a09-8397-c98700555257", "isDeleted:":"true", "version":"1696775749155"}}
{"logTime": "1118/153836", "correlationVector":"/sw0xbyV0JmVTSsI/WjvJG.39","action":"GetUpdates", "result":"DeleteReceived", "context":{"id":"d25e006a-b435-4c8b-a58b-a28387f0bc9b", "isDeleted:":"true", "version":"1696858978567"}}
{"logTime": "1118/153836", "correlationVector":"/sw0xbyV0JmVTSsI/WjvJG.40","action":"GetUpdates", "result":"DeleteReceived", "context":{"id":"8eddbfe9-10dc-4b2a-9035-d0814bd39ffc", "isDeleted:":"true", "version":"1696863395688"}}
{"logTime": "1118/153836", "correlationVector":"/sw0xbyV0JmVTSsI/WjvJG.41","action":"GetUpdates", "result":"DeleteReceived", "context":{"id":"e0437850-2c04-4f49-b65b-0ad8d53374a4", "isDeleted:":"true", "version":"1696863395689"}}
{"logTime": "1118/153836", "correlationVector":"/sw0xbyV0JmVTSsI/WjvJG.42","action":"GetUpdates", "result":"DeleteReceived", "context":{"id":"f9f3915b-0e7a-453f-8024-a01c50864c67", "isDeleted:":"true", "version":"1696863395690"}}
{"logTime": "1118/153836", "correlationVector":"/sw0xbyV0JmVTSsI/WjvJG.43","action":"GetUpdates", "result":"DeleteReceived", "context":{"id":"02318fce-337a-48b5-9cdc-bfce052ab5a7", "isDeleted:":"true", "version":"1696863395691"}}
{"logTime": "1118/153836", "correlationVector":"/sw0xbyV0JmVTSsI/WjvJG.44","action":"GetUpdates", "result":"DeleteReceived", "context":{"id":"8f0c318c-e2c3-4df4-84cf-023a0d78ed77", "isDeleted:":"true", "version":"1696863395692"}}
{"logTime": "1118/153836", "correlationVector":"/sw0xbyV0JmVTSsI/WjvJG.45","action":"GetUpdates", "result":"DeleteReceived", "context":{"id":"e0f38746-e19a-4875-91df-39b0d890ba82", "isDeleted:":"true", "version":"1696921959952"}}
{"logTime": "1118/153836", "correlationVector":"/sw0xbyV0JmVTSsI/WjvJG.46","action":"GetUpdates", "result":"DeleteReceived", "context":{"id":"32943222-b605-4d83-9ff3-573d625c7e2d", "isDeleted:":"true", "version":"1696921959954"}}
{"logTime": "1118/153836", "correlationVector":"/sw0xbyV0JmVTSsI/WjvJG.47","action":"GetUpdates", "result":"DeleteReceived", "context":{"id":"daf39aee-fb9e-49f7-968b-c764dfc91b43", "isDeleted:":"true", "version":"1696954278463"}}
{"logTime": "1118/153836", "correlationVector":"/sw0xbyV0JmVTSsI/WjvJG.48","action":"GetUpdates", "result":"DeleteReceived", "context":{"id":"4af91b61-a800-4949-91dd-8e19ac0a3328", "isDeleted:":"true", "version":"1697018373169"}}
{"logTime": "1118/153836", "correlationVector":"/sw0xbyV0JmVTSsI/WjvJG.49","action":"GetUpdates", "result":"DeleteReceived", "context":{"id":"c465e755-9fb9-4313-a145-aa5a19bfc91f", "isDeleted:":"true", "version":"1697030969699"}}
{"logTime": "1118/153836", "correlationVector":"/sw0xbyV0JmVTSsI/WjvJG.50","action":"GetUpdates", "result":"DeleteReceived", "context":{"id":"888328fe-8a65-42a7-95b8-84fb7f6b26a9", "isDeleted:":"true", "version":"1697040371940"}}
{"logTime": "1118/153836", "correlationVector":"/sw0xbyV0JmVTSsI/WjvJG.51","action":"GetUpdates", "result":"DeleteReceived", "context":{"id":"faa07553-ca5f-4de7-827a-640589a71727", "isDeleted:":"true", "version":"1697097204925"}}
{"logTime": "1118/153837", "correlationVector":"/sw0xbyV0JmVTSsI/WjvJG.52","action":"GetUpdates", "result":"DeleteReceived", "context":{"id":"150a41bb-54b8-45a5-be68-92ec926bce95", "isDeleted:":"true", "version":"1697097204926"}}
{"logTime": "1118/153837", "correlationVector":"/sw0xbyV0JmVTSsI/WjvJG.53","action":"GetUpdates", "result":"DeleteReceived", "context":{"id":"c0a1950b-d87a-4a94-a74d-431d7219417e", "isDeleted:":"true", "version":"1697207495417"}}
{"logTime": "1118/153837", "correlationVector":"/sw0xbyV0JmVTSsI/WjvJG.54","action":"GetUpdates", "result":"DeleteReceived", "context":{"id":"a8116071-b30c-496b-90b4-dd3a23b35abb", "isDeleted:":"true", "version":"1697221969553"}}
{"logTime": "1118/153837", "correlationVector":"/sw0xbyV0JmVTSsI/WjvJG.55","action":"GetUpdates", "result":"DeleteReceived", "context":{"id":"75c3e1a2-2259-445f-af66-ed5cd66c4bda", "isDeleted:":"true", "version":"1697221969554"}}
{"logTime": "1118/153837", "correlationVector":"/sw0xbyV0JmVTSsI/WjvJG.56","action":"GetUpdates", "result":"DeleteReceived", "context":{"id":"605b76ce-cfb7-4a4b-aef8-911ada17dacf", "isDeleted:":"true", "version":"1697221969555"}}
{"logTime": "1118/153837", "correlationVector":"/sw0xbyV0JmVTSsI/WjvJG.57","action":"GetUpdates", "result":"DeleteReceived", "context":{"id":"d8ccaf94-0e4a-47ee-b3e0-32e89bf0cbe9", "isDeleted:":"true", "version":"1697221969556"}}
{"logTime": "1118/153837", "correlationVector":"/sw0xbyV0JmVTSsI/WjvJG.58","action":"GetUpdates", "result":"DeleteReceived", "context":{"id":"ce19950f-68d9-4c66-be30-af7919a8e82f", "isDeleted:":"true", "version":"1697221969557"}}
{"logTime": "1118/153837", "correlationVector":"/sw0xbyV0JmVTSsI/WjvJG.59","action":"GetUpdates", "result":"DeleteReceived", "context":{"id":"b118aa51-59c3-454d-9952-93251427b40d", "isDeleted:":"true", "version":"1697221969558"}}
{"logTime": "1118/153837", "correlationVector":"/sw0xbyV0JmVTSsI/WjvJG.60","action":"GetUpdates", "result":"DeleteReceived", "context":{"id":"d9ac732a-6f8a-448a-ba62-7afcadb70662", "isDeleted:":"true", "version":"1697221969559"}}
{"logTime": "1118/153837", "correlationVector":"/sw0xbyV0JmVTSsI/WjvJG.61","action":"GetUpdates", "result":"DeleteReceived", "context":{"id":"08cc2f6a-1117-40b3-aef4-cc0cc162f2b5", "isDeleted:":"true", "version":"1697221969561"}}
{"logTime": "1118/153837", "correlationVector":"/sw0xbyV0JmVTSsI/WjvJG.62","action":"GetUpdates", "result":"DeleteReceived", "context":{"id":"3ab3138d-9817-4fa8-aa70-577464358833", "isDeleted:":"true", "version":"1697221969562"}}
{"logTime": "1118/153837", "correlationVector":"/sw0xbyV0JmVTSsI/WjvJG.63","action":"GetUpdates", "result":"DeleteReceived", "context":{"id":"663c63bd-a087-4f82-ae35-0ce86ce05319", "isDeleted:":"true", "version":"1697221969563"}}
{"logTime": "1118/153837", "correlationVector":"/sw0xbyV0JmVTSsI/WjvJG.64","action":"GetUpdates", "result":"DeleteReceived", "context":{"id":"f86f8a8e-8418-4a54-a51a-a5ded34b1329", "isDeleted:":"true", "version":"1697221969564"}}
{"logTime": "1118/153837", "correlationVector":"/sw0xbyV0JmVTSsI/WjvJG.65","action":"GetUpdates", "result":"DeleteReceived", "context":{"id":"60a7e053-83a3-44de-b323-f2e39a59cbff", "isDeleted:":"true", "version":"1697267152040"}}
{"logTime": "1118/153837", "correlationVector":"/sw0xbyV0JmVTSsI/WjvJG.66","action":"GetUpdates", "result":"DeleteReceived", "context":{"id":"7f605e5e-afa8-44d1-ae60-8a27d92d12cc", "isDeleted:":"true", "version":"1697268079008"}}
{"logTime": "1118/153837", "correlationVector":"/sw0xbyV0JmVTSsI/WjvJG.67","action":"GetUpdates", "result":"DeleteReceived", "context":{"id":"fed9241c-ced6-4e8b-b23f-f2134a1642a3", "isDeleted:":"true", "version":"1697269760885"}}
{"logTime": "1118/153837", "correlationVector":"/sw0xbyV0JmVTSsI/WjvJG.68","action":"GetUpdates", "result":"DeleteReceived", "context":{"id":"60311ecc-b10a-4f50-a237-b18fecd97000", "isDeleted:":"true", "version":"1697269760887"}}
{"logTime": "1118/153837", "correlationVector":"/sw0xbyV0JmVTSsI/WjvJG.69","action":"GetUpdates", "result":"DeleteReceived", "context":{"id":"b051fd90-88a8-429c-88b3-d2d916fadc17", "isDeleted:":"true", "version":"1697269760890"}}
{"logTime": "1118/153837", "correlationVector":"/sw0xbyV0JmVTSsI/WjvJG.70","action":"GetUpdates", "result":"DeleteReceived", "context":{"id":"3c9ae038-3b6f-4ef3-936f-9cd1f92bd0da", "isDeleted:":"true", "version":"1697347853312"}}
{"logTime": "1118/153837", "correlationVector":"/sw0xbyV0JmVTSsI/WjvJG.71","action":"GetUpdates", "result":"DeleteReceived", "context":{"id":"1d43dbfb-c649-4971-852e-82f1ab396066", "isDeleted:":"true", "version":"1697347853313"}}
{"logTime": "1118/153837", "correlationVector":"/sw0xbyV0JmVTSsI/WjvJG.72","action":"GetUpdates", "result":"DeleteReceived", "context":{"id":"0b860c63-e230-41ba-afd0-deb70ff45138", "isDeleted:":"true", "version":"1697347853315"}}
{"logTime": "1118/153837", "correlationVector":"/sw0xbyV0JmVTSsI/WjvJG.73","action":"GetUpdates", "result":"DeleteReceived", "context":{"id":"0baf5d8f-8b03-4a12-b89b-f6fffda8deb3", "isDeleted:":"true", "version":"1697347853316"}}
{"logTime": "1118/153837", "correlationVector":"/sw0xbyV0JmVTSsI/WjvJG.74","action":"GetUpdates", "result":"DeleteReceived", "context":{"id":"5504e72a-e711-4996-ae2c-819420d534d5", "isDeleted:":"true", "version":"1697347853317"}}
{"logTime": "1118/153837", "correlationVector":"/sw0xbyV0JmVTSsI/WjvJG.75","action":"GetUpdates", "result":"DeleteReceived", "context":{"id":"26c02fcd-2471-4f24-8f53-0ffdeddc9803", "isDeleted:":"true", "version":"1697347853318"}}
{"logTime": "1118/153837", "correlationVector":"/sw0xbyV0JmVTSsI/WjvJG.76","action":"GetUpdates", "result":"DeleteReceived", "context":{"id":"f5668db9-b5b5-4752-a55c-7a8ddda89ef0", "isDeleted:":"true", "version":"1697363619323"}}
{"logTime": "1118/153837", "correlationVector":"/sw0xbyV0JmVTSsI/WjvJG.77","action":"GetUpdates", "result":"DeleteReceived", "context":{"id":"04ce92be-6342-463d-ac72-413142a40ea2", "isDeleted:":"true", "version":"1697526667520"}}
{"logTime": "1118/153837", "correlationVector":"/sw0xbyV0JmVTSsI/WjvJG.78","action":"GetUpdates", "result":"DeleteReceived", "context":{"id":"fdbdc132-75d8-470e-9b4d-30fead9a0d49", "isDeleted:":"true", "version":"1697526667521"}}
{"logTime": "1118/153837", "correlationVector":"/sw0xbyV0JmVTSsI/WjvJG.79","action":"GetUpdates", "result":"DeleteReceived", "context":{"id":"c83a6f95-3d46-4a90-86f0-674e53d0b502", "isDeleted:":"true", "version":"1697527716497"}}
{"logTime": "1118/153837", "correlationVector":"/sw0xbyV0JmVTSsI/WjvJG.80","action":"GetUpdates", "result":"DeleteReceived", "context":{"id":"4d10268e-fe8e-48d0-a25c-e1366a8d10c1", "isDeleted:":"true", "version":"1697650024678"}}
{"logTime": "1118/153837", "correlationVector":"/sw0xbyV0JmVTSsI/WjvJG.81","action":"GetUpdates", "result":"DeleteReceived", "context":{"id":"ed425e4a-bb59-419b-95fe-6f8a2ab5b57f", "isDeleted:":"true", "version":"1697650024679"}}
{"logTime": "1118/153837", "correlationVector":"/sw0xbyV0JmVTSsI/WjvJG.82","action":"GetUpdates", "result":"DeleteReceived", "context":{"id":"49926283-f078-49ac-8fdb-f2e4c9443785", "isDeleted:":"true", "version":"1697650024680"}}
{"logTime": "1118/153837", "correlationVector":"/sw0xbyV0JmVTSsI/WjvJG.83","action":"GetUpdates", "result":"DeleteReceived", "context":{"id":"97c20935-7b73-4660-a42d-6d70dcbc37b4", "isDeleted:":"true", "version":"1697650024682"}}
{"logTime": "1118/153837", "correlationVector":"/sw0xbyV0JmVTSsI/WjvJG.84","action":"GetUpdates", "result":"DeleteReceived", "context":{"id":"4cd47250-c8fd-4146-abdb-3fe85806875a", "isDeleted:":"true", "version":"1697650024684"}}
{"logTime": "1118/153837", "correlationVector":"/sw0xbyV0JmVTSsI/WjvJG.85","action":"GetUpdates", "result":"DeleteReceived", "context":{"id":"7ca20831-dfe5-461f-ac49-2ab6e2988c75", "isDeleted:":"true", "version":"1697650637716"}}
{"logTime": "1118/153837", "correlationVector":"/sw0xbyV0JmVTSsI/WjvJG.86","action":"GetUpdates", "result":"DeleteReceived", "context":{"id":"93922537-f869-48ad-8582-e98a4926b4c3", "isDeleted:":"true", "version":"1697650637717"}}
{"logTime": "1118/153837", "correlationVector":"/sw0xbyV0JmVTSsI/WjvJG.87","action":"GetUpdates", "result":"DeleteReceived", "context":{"id":"85d262ee-587c-49ab-9590-8b09a3280aba", "isDeleted:":"true", "version":"1697650637718"}}
{"logTime": "1118/153837", "correlationVector":"/sw0xbyV0JmVTSsI/WjvJG.88","action":"GetUpdates", "result":"DeleteReceived", "context":{"id":"9301bf00-981e-4aec-86be-39fa5e236117", "isDeleted:":"true", "version":"1697654238481"}}
{"logTime": "1118/153837", "correlationVector":"/sw0xbyV0JmVTSsI/WjvJG.89","action":"GetUpdates", "result":"DeleteReceived", "context":{"id":"ec38e185-9877-45f7-8102-30edbb897862", "isDeleted:":"true", "version":"1697707067971"}}
{"logTime": "1118/153837", "correlationVector":"/sw0xbyV0JmVTSsI/WjvJG.90","action":"GetUpdates", "result":"DeleteReceived", "context":{"id":"9ff956d6-aa0e-49e9-a353-4369a514ceff", "isDeleted:":"true", "version":"1697714110971"}}
{"logTime": "1118/153837", "correlationVector":"/sw0xbyV0JmVTSsI/WjvJG.91","action":"GetUpdates", "result":"DeleteReceived", "context":{"id":"2ed15562-72cd-4b29-9b87-624a6fe3d1f8", "isDeleted:":"true", "version":"1697829868426"}}
{"logTime": "1118/153837", "correlationVector":"/sw0xbyV0JmVTSsI/WjvJG.92","action":"GetUpdates", "result":"DeleteReceived", "context":{"id":"1f02ccc4-4369-4400-9e8d-add74174391f", "isDeleted:":"true", "version":"1697829868427"}}
{"logTime": "1118/153837", "correlationVector":"/sw0xbyV0JmVTSsI/WjvJG.93","action":"GetUpdates", "result":"DeleteReceived", "context":{"id":"6ea0a068-dea6-4012-8068-f62cfcd4e3d9", "isDeleted:":"true", "version":"1697829868428"}}
{"logTime": "1118/153837", "correlationVector":"/sw0xbyV0JmVTSsI/WjvJG.94","action":"GetUpdates", "result":"DeleteReceived", "context":{"id":"4b361fd5-201e-4e0a-9e2a-ef94d680007b", "isDeleted:":"true", "version":"1697829868429"}}
{"logTime": "1118/153837", "correlationVector":"/sw0xbyV0JmVTSsI/WjvJG.95","action":"GetUpdates", "result":"DeleteReceived", "context":{"id":"3998e34e-a717-46c5-a7b4-d6504b50d198", "isDeleted:":"true", "version":"1697829868430"}}
{"logTime": "1118/153837", "correlationVector":"/sw0xbyV0JmVTSsI/WjvJG.96","action":"GetUpdates", "result":"DeleteReceived", "context":{"id":"29e0ab48-4cdf-4f15-9a78-263ea502c2fe", "isDeleted:":"true", "version":"1697829868431"}}
{"logTime": "1118/153837", "correlationVector":"/sw0xbyV0JmVTSsI/WjvJG.97","action":"GetUpdates", "result":"DeleteReceived", "context":{"id":"704b4fa4-5aa3-474a-a7cf-a3c9d8eae881", "isDeleted:":"true", "version":"1697834245860"}}
{"logTime": "1118/153837", "correlationVector":"/sw0xbyV0JmVTSsI/WjvJG.98","action":"GetUpdates", "result":"DeleteReceived", "context":{"id":"612d4e8d-37f3-448f-8225-7de1d7c0c5b9", "isDeleted:":"true", "version":"1697834245861"}}
{"logTime": "1118/153837", "correlationVector":"/sw0xbyV0JmVTSsI/WjvJG.99","action":"GetUpdates", "result":"DeleteReceived", "context":{"id":"f9c9520b-5220-4e5e-9702-4c658ad01a84", "isDeleted:":"true", "version":"1697834245862"}}
{"logTime": "1118/153837", "correlationVector":"/sw0xbyV0JmVTSsI/WjvJG.100","action":"GetUpdates", "result":"DeleteReceived", "context":{"id":"fc1b8580-73f5-4a58-a0a6-0e9a436b6125", "isDeleted:":"true", "version":"1697834245865"}}
{"logTime": "1118/153837", "correlationVector":"/sw0xbyV0JmVTSsI/WjvJG.101","action":"GetUpdates", "result":"DeleteReceived", "context":{"id":"d1b3af08-ecf6-4c59-926d-7d08ad4b4cee", "isDeleted:":"true", "version":"1697834245867"}}
{"logTime": "1118/153837", "correlationVector":"/sw0xbyV0JmVTSsI/WjvJG.102","action":"GetUpdates", "result":"DeleteReceived", "context":{"id":"78ec57e7-a757-466c-9f9d-c4eb6a32a2bb", "isDeleted:":"true", "version":"1697880122787"}}
{"logTime": "1118/153837", "correlationVector":"/sw0xbyV0JmVTSsI/WjvJG.103","action":"GetUpdates", "result":"DeleteReceived", "context":{"id":"be5b30d6-eb12-4f55-a4ee-fb02b208b201", "isDeleted:":"true", "version":"1697880122789"}}
{"logTime": "1118/153837", "correlationVector":"/sw0xbyV0JmVTSsI/WjvJG.104","action":"GetUpdates", "result":"DeleteReceived", "context":{"id":"8374b7c4-fe2d-4494-9883-41e257dcd46f", "isDeleted:":"true", "version":"1697880122791"}}
{"logTime": "1118/153837", "correlationVector":"/sw0xbyV0JmVTSsI/WjvJG.105","action":"GetUpdates", "result":"DeleteReceived", "context":{"id":"6993f9bb-4187-47df-a6f7-552b88bd6bed", "isDeleted:":"true", "version":"1697913182574"}}
{"logTime": "1118/153837", "correlationVector":"/sw0xbyV0JmVTSsI/WjvJG.106","action":"GetUpdates", "result":"DeleteReceived", "context":{"id":"9fd49ac7-e342-4d82-b756-e58e911e8acd", "isDeleted:":"true", "version":"1697913182575"}}
{"logTime": "1118/153837", "correlationVector":"/sw0xbyV0JmVTSsI/WjvJG.107","action":"GetUpdates", "result":"DeleteReceived", "context":{"id":"263777c1-1ad8-4ca6-8883-a13be0a0bddc", "isDeleted:":"true", "version":"1697913488897"}}
{"logTime": "1118/153837", "correlationVector":"/sw0xbyV0JmVTSsI/WjvJG.108","action":"GetUpdates", "result":"DeleteReceived", "context":{"id":"cc61af71-6e81-4b33-b923-c4f5c03838f3", "isDeleted:":"true", "version":"1697965156172"}}
{"logTime": "1118/153837", "correlationVector":"/sw0xbyV0JmVTSsI/WjvJG.109","action":"GetUpdates", "result":"DeleteReceived", "context":{"id":"f6cc3263-6488-4241-844f-6be2478e1d80", "isDeleted:":"true", "version":"1697965456277"}}
{"logTime": "1118/153837", "correlationVector":"/sw0xbyV0JmVTSsI/WjvJG.110","action":"GetUpdates", "result":"DeleteReceived", "context":{"id":"72b7c406-37fe-414e-8b8c-4c198506c203", "isDeleted:":"true", "version":"1697965456278"}}
{"logTime": "1118/153837", "correlationVector":"/sw0xbyV0JmVTSsI/WjvJG.111","action":"GetUpdates", "result":"DeleteReceived", "context":{"id":"25e92cac-4aca-4bbd-b65c-08f504ed6bab", "isDeleted:":"true", "version":"1697967717451"}}
{"logTime": "1118/153837", "correlationVector":"/sw0xbyV0JmVTSsI/WjvJG.112","action":"GetUpdates", "result":"DeleteReceived", "context":{"id":"98552311-23af-496b-bf6b-a1f8a58263cc", "isDeleted:":"true", "version":"1697967717453"}}
{"logTime": "1118/153837", "correlationVector":"/sw0xbyV0JmVTSsI/WjvJG.113","action":"GetUpdates", "result":"DeleteReceived", "context":{"id":"1624af78-faa2-4c03-808f-649a36494851", "isDeleted:":"true", "version":"1698050885003"}}
{"logTime": "1118/153837", "correlationVector":"/sw0xbyV0JmVTSsI/WjvJG.114","action":"GetUpdates", "result":"DeleteReceived", "context":{"id":"13544e55-3a37-49bd-80b4-1c483b8c4e58", "isDeleted:":"true", "version":"1698058378913"}}
{"logTime": "1118/153837", "correlationVector":"/sw0xbyV0JmVTSsI/WjvJG.115","action":"GetUpdates", "result":"DeleteReceived", "context":{"id":"ab6a4206-e55b-4b7c-a1f5-682271058fbc", "isDeleted:":"true", "version":"1698060317578"}}
{"logTime": "1118/153837", "correlationVector":"/sw0xbyV0JmVTSsI/WjvJG.116","action":"GetUpdates", "result":"DeleteReceived", "context":{"id":"60cdb85a-cec4-483e-bbdc-939d911759e5", "isDeleted:":"true", "version":"1698060615849"}}
{"logTime": "1118/153837", "correlationVector":"/sw0xbyV0JmVTSsI/WjvJG.117","action":"GetUpdates", "result":"DeleteReceived", "context":{"id":"3e813101-ed3a-441e-a86a-7f803a43278f", "isDeleted:":"true", "version":"1698139995595"}}
{"logTime": "1118/153837", "correlationVector":"/sw0xbyV0JmVTSsI/WjvJG.118","action":"GetUpdates", "result":"DeleteReceived", "context":{"id":"0e998e7e-7653-487e-b22e-2cf4666359fd", "isDeleted:":"true", "version":"1698139995596"}}
{"logTime": "1118/153837", "correlationVector":"/sw0xbyV0JmVTSsI/WjvJG.119","action":"GetUpdates", "result":"DeleteReceived", "context":{"id":"ec7cfb20-6bd2-42da-891c-3aadea5e08ef", "isDeleted:":"true", "version":"1698143909333"}}
{"logTime": "1118/153837", "correlationVector":"/sw0xbyV0JmVTSsI/WjvJG.120","action":"GetUpdates", "result":"DeleteReceived", "context":{"id":"c1d20daf-0b60-450a-9eaa-914ae4b106da", "isDeleted:":"true", "version":"1698143909334"}}
{"logTime": "1118/153837", "correlationVector":"/sw0xbyV0JmVTSsI/WjvJG.121","action":"GetUpdates", "result":"DeleteReceived", "context":{"id":"0fd4bc99-11bc-44bd-bc28-e74ab5c0a433", "isDeleted:":"true", "version":"1698146711355"}}
{"logTime": "1118/153837", "correlationVector":"/sw0xbyV0JmVTSsI/WjvJG.122","action":"GetUpdates", "result":"DeleteReceived", "context":{"id":"4c725d55-8396-42be-9c15-02c823980c2d", "isDeleted:":"true", "version":"1698167595098"}}
{"logTime": "1118/153837", "correlationVector":"/sw0xbyV0JmVTSsI/WjvJG.123","action":"GetUpdates", "result":"DeleteReceived", "context":{"id":"0ed0c52b-7717-40f4-9dec-07dbe40e13cb", "isDeleted:":"true", "version":"1698167595099"}}
{"logTime": "1118/153837", "correlationVector":"/sw0xbyV0JmVTSsI/WjvJG.124","action":"GetUpdates", "result":"DeleteReceived", "context":{"id":"53bc4646-90c0-46ea-a77d-87c669d2ebad", "isDeleted:":"true", "version":"1698167595100"}}
{"logTime": "1118/153837", "correlationVector":"/sw0xbyV0JmVTSsI/WjvJG.125","action":"GetUpdates", "result":"DeleteReceived", "context":{"id":"57dcd2aa-c371-4d66-949e-3e4c65f15b3d", "isDeleted:":"true", "version":"1698167595102"}}
{"logTime": "1118/153837", "correlationVector":"/sw0xbyV0JmVTSsI/WjvJG.126","action":"GetUpdates", "result":"DeleteReceived", "context":{"id":"ce5770ac-5422-4d65-a01a-b1753a7fed6b", "isDeleted:":"true", "version":"1698175465799"}}
{"logTime": "1118/153837", "correlationVector":"/sw0xbyV0JmVTSsI/WjvJG.127","action":"GetUpdates", "result":"DeleteReceived", "context":{"id":"b1482ea3-4848-40e6-a0ad-c77133f7d1a8", "isDeleted:":"true", "version":"1698190513309"}}
{"logTime": "1118/153837", "correlationVector":"/sw0xbyV0JmVTSsI/WjvJG.128","action":"GetUpdates", "result":"DeleteReceived", "context":{"id":"8d5863ce-eca2-4e20-83ca-dafe2ea34775", "isDeleted:":"true", "version":"1698300344921"}}
{"logTime": "1118/153837", "correlationVector":"/sw0xbyV0JmVTSsI/WjvJG.129","action":"GetUpdates", "result":"DeleteReceived", "context":{"id":"44f35477-f589-4b9d-bf2d-2550ed0d61c0", "isDeleted:":"true", "version":"1698300344922"}}
{"logTime": "1118/153837", "correlationVector":"/sw0xbyV0JmVTSsI/WjvJG.130","action":"GetUpdates", "result":"DeleteReceived", "context":{"id":"6b49bc1b-ab5a-4493-92c5-f4988ef70a72", "isDeleted:":"true", "version":"1698335446572"}}
{"logTime": "1118/153837", "correlationVector":"/sw0xbyV0JmVTSsI/WjvJG.131","action":"GetUpdates", "result":"DeleteReceived", "context":{"id":"4e4b9303-6df1-48f1-b2d8-85c2baa2d9af", "isDeleted:":"true", "version":"1698343310458"}}
{"logTime": "1118/153837", "correlationVector":"/sw0xbyV0JmVTSsI/WjvJG.132","action":"GetUpdates", "result":"DeleteReceived", "context":{"id":"7b88148a-1d27-46bc-b6af-229412f0da59", "isDeleted:":"true", "version":"1698343310459"}}
{"logTime": "1118/153837", "correlationVector":"/sw0xbyV0JmVTSsI/WjvJG.133","action":"GetUpdates", "result":"DeleteReceived", "context":{"id":"d91b9a76-1155-4a9c-9e7b-5088275764a8", "isDeleted:":"true", "version":"1698348313795"}}
{"logTime": "1118/153837", "correlationVector":"/sw0xbyV0JmVTSsI/WjvJG.134","action":"GetUpdates", "result":"DeleteReceived", "context":{"id":"5280b2f4-bb60-46a5-ae42-30ea87ca265b", "isDeleted:":"true", "version":"1698348552861"}}
{"logTime": "1118/153837", "correlationVector":"/sw0xbyV0JmVTSsI/WjvJG.135","action":"GetUpdates", "result":"DeleteReceived", "context":{"id":"d7f32970-bcf9-467d-b201-356b747e65c6", "isDeleted:":"true", "version":"1698348555036"}}
{"logTime": "1118/153837", "correlationVector":"/sw0xbyV0JmVTSsI/WjvJG.136","action":"GetUpdates", "result":"DeleteReceived", "context":{"id":"80c96bea-1b33-4348-9a2d-22555ad12106", "isDeleted:":"true", "version":"1698348555037"}}
{"logTime": "1118/153837", "correlationVector":"/sw0xbyV0JmVTSsI/WjvJG.137","action":"GetUpdates", "result":"DeleteReceived", "context":{"id":"b3891ace-7721-4b89-bb60-68c2ad2e3177", "isDeleted:":"true", "version":"1698348589609"}}
{"logTime": "1118/153837", "correlationVector":"/sw0xbyV0JmVTSsI/WjvJG.138","action":"GetUpdates", "result":"DeleteReceived", "context":{"id":"274cbcfd-10f1-406f-8b83-ee3eeb3e168c", "isDeleted:":"true", "version":"1698348589610"}}
{"logTime": "1118/153837", "correlationVector":"/sw0xbyV0JmVTSsI/WjvJG.139","action":"GetUpdates", "result":"DeleteReceived", "context":{"id":"1aa91b7c-096d-40ba-b961-6bb3e850a2ce", "isDeleted:":"true", "version":"1698348589611"}}
{"logTime": "1118/153837", "correlationVector":"/sw0xbyV0JmVTSsI/WjvJG.140","action":"GetUpdates", "result":"DeleteReceived", "context":{"id":"f84405e6-d66c-4b5c-9f63-8f712144cc6b", "isDeleted:":"true", "version":"1698348889702"}}
{"logTime": "1118/153837", "correlationVector":"/sw0xbyV0JmVTSsI/WjvJG.141","action":"GetUpdates", "result":"DeleteReceived", "context":{"id":"27c70dec-3fac-4de3-ace8-bec244845910", "isDeleted:":"true", "version":"1698397799579"}}
{"logTime": "1118/153837", "correlationVector":"/sw0xbyV0JmVTSsI/WjvJG.142","action":"GetUpdates", "result":"DeleteReceived", "context":{"id":"3c4d5df7-49ab-48a0-95f6-0ed8942c6dfc", "isDeleted:":"true", "version":"1698409539236"}}
{"logTime": "1118/153837", "correlationVector":"/sw0xbyV0JmVTSsI/WjvJG.143","action":"GetUpdates", "result":"DeleteReceived", "context":{"id":"3121dfbf-edaf-4a69-9544-2e9691003cee", "isDeleted:":"true", "version":"1698409539237"}}
{"logTime": "1118/153837", "correlationVector":"/sw0xbyV0JmVTSsI/WjvJG.144","action":"GetUpdates", "result":"DeleteReceived", "context":{"id":"1681e5ae-1263-406f-8f28-9d8541af9821", "isDeleted:":"true", "version":"1698409539238"}}
{"logTime": "1118/153837", "correlationVector":"/sw0xbyV0JmVTSsI/WjvJG.145","action":"GetUpdates", "result":"DeleteReceived", "context":{"id":"3c7bd879-e210-48b3-bedc-d9ae6e35151e", "isDeleted:":"true", "version":"1698409539240"}}
{"logTime": "1118/153837", "correlationVector":"/sw0xbyV0JmVTSsI/WjvJG.146","action":"GetUpdates", "result":"DeleteReceived", "context":{"id":"9ffc8cba-12d8-497f-887f-adcb831cebd2", "isDeleted:":"true", "version":"1698409539241"}}
{"logTime": "1118/153837", "correlationVector":"/sw0xbyV0JmVTSsI/WjvJG.147","action":"GetUpdates", "result":"DeleteReceived", "context":{"id":"65e0b9cf-3633-49e9-ba08-8357d79e376f", "isDeleted:":"true", "version":"1698413706573"}}
{"logTime": "1118/153837", "correlationVector":"/sw0xbyV0JmVTSsI/WjvJG.148","action":"GetUpdates", "result":"DeleteReceived", "context":{"id":"200a463d-566f-4696-9f44-30ef78fd40c2", "isDeleted:":"true", "version":"1698413706574"}}
{"logTime": "1118/153837", "correlationVector":"/sw0xbyV0JmVTSsI/WjvJG.149","action":"GetUpdates", "result":"DeleteReceived", "context":{"id":"5bc16c90-4eb4-4537-a3b4-9a81c4c6b4b5", "isDeleted:":"true", "version":"1698413706575"}}
{"logTime": "1118/153837", "correlationVector":"/sw0xbyV0JmVTSsI/WjvJG.150","action":"GetUpdates", "result":"DeleteReceived", "context":{"id":"9029eefb-0062-4465-8644-16d925bf5d06", "isDeleted:":"true", "version":"1698413706576"}}
{"logTime": "1118/153837", "correlationVector":"/sw0xbyV0JmVTSsI/WjvJG.151","action":"GetUpdates", "result":"DeleteReceived", "context":{"id":"864b8da7-db5f-460c-90ab-9413bdd8e3b3", "isDeleted:":"true", "version":"1698424109637"}}
{"logTime": "1118/153837", "correlationVector":"/sw0xbyV0JmVTSsI/WjvJG.152","action":"GetUpdates", "result":"DeleteReceived", "context":{"id":"dde275c6-7e89-47d6-a610-ad2743476789", "isDeleted:":"true", "version":"1698494663841"}}
{"logTime": "1118/153837", "correlationVector":"/sw0xbyV0JmVTSsI/WjvJG.153","action":"GetUpdates", "result":"DeleteReceived", "context":{"id":"f5cd5ed1-d7b9-46fe-9ec6-d43d87db30f0", "isDeleted:":"true", "version":"1698511195598"}}
{"logTime": "1118/153837", "correlationVector":"/sw0xbyV0JmVTSsI/WjvJG.154","action":"GetUpdates", "result":"DeleteReceived", "context":{"id":"34833841-7fe8-4b6c-ad5b-6c409c92764c", "isDeleted:":"true", "version":"1698511195599"}}
{"logTime": "1118/153837", "correlationVector":"/sw0xbyV0JmVTSsI/WjvJG.155","action":"GetUpdates", "result":"DeleteReceived", "context":{"id":"f44cefb8-0304-4dc7-8dc1-21a5e348c42d", "isDeleted:":"true", "version":"1698511195600"}}
{"logTime": "1118/153837", "correlationVector":"/sw0xbyV0JmVTSsI/WjvJG.156","action":"GetUpdates", "result":"DeleteReceived", "context":{"id":"f3fe5760-e80c-44c9-ba89-f79b24d44154", "isDeleted:":"true", "version":"1698511195601"}}
{"logTime": "1118/153837", "correlationVector":"/sw0xbyV0JmVTSsI/WjvJG.157","action":"GetUpdates", "result":"DeleteReceived", "context":{"id":"80e76a3d-da1a-4ef4-a0ac-5bb7224a3d9b", "isDeleted:":"true", "version":"1698511195602"}}
{"logTime": "1118/153837", "correlationVector":"/sw0xbyV0JmVTSsI/WjvJG.158","action":"GetUpdates", "result":"DeleteReceived", "context":{"id":"e16a1dac-d770-4e37-bf8f-a77531a7161d", "isDeleted:":"true", "version":"1698511195603"}}
{"logTime": "1118/153837", "correlationVector":"/sw0xbyV0JmVTSsI/WjvJG.159","action":"GetUpdates", "result":"DeleteReceived", "context":{"id":"18920419-22e7-4435-87fa-e6b495fea7be", "isDeleted:":"true", "version":"1698511195604"}}
{"logTime": "1118/153837", "correlationVector":"/sw0xbyV0JmVTSsI/WjvJG.160","action":"GetUpdates", "result":"DeleteReceived", "context":{"id":"67b99dc4-7c0f-4e32-8292-8e2b58903e29", "isDeleted:":"true", "version":"1698511195605"}}
{"logTime": "1118/153837", "correlationVector":"/sw0xbyV0JmVTSsI/WjvJG.161","action":"GetUpdates", "result":"DeleteReceived", "context":{"id":"97914f0d-78f3-4302-8ac4-e859591cd1df", "isDeleted:":"true", "version":"1698574868406"}}
{"logTime": "1118/153837", "correlationVector":"/sw0xbyV0JmVTSsI/WjvJG.162","action":"GetUpdates", "result":"DeleteReceived", "context":{"id":"6cfeeeea-bf71-4ba5-b999-1325a1317cfe", "isDeleted:":"true", "version":"1698579033888"}}
{"logTime": "1118/153837", "correlationVector":"/sw0xbyV0JmVTSsI/WjvJG.163","action":"GetUpdates", "result":"DeleteReceived", "context":{"id":"4a710dfd-0687-48ce-b7a0-fec8c1744da2", "isDeleted:":"true", "version":"1698579033889"}}
{"logTime": "1118/153837", "correlationVector":"/sw0xbyV0JmVTSsI/WjvJG.164","action":"GetUpdates", "result":"DeleteReceived", "context":{"id":"648f193f-b107-429e-9a2d-33f3096ccd36", "isDeleted:":"true", "version":"1698769427744"}}
{"logTime": "1118/153837", "correlationVector":"/sw0xbyV0JmVTSsI/WjvJG.165","action":"GetUpdates", "result":"DeleteReceived", "context":{"id":"bff8bfd5-0b09-4410-8fb8-1483bb32e5d1", "isDeleted:":"true", "version":"1698769427746"}}
{"logTime": "1118/153837", "correlationVector":"/sw0xbyV0JmVTSsI/WjvJG.166","action":"GetUpdates", "result":"DeleteReceived", "context":{"id":"528e14fc-138f-4903-b40b-3dfab822c9a3", "isDeleted:":"true", "version":"1698769427747"}}
{"logTime": "1118/153837", "correlationVector":"/sw0xbyV0JmVTSsI/WjvJG.167","action":"GetUpdates", "result":"DeleteReceived", "context":{"id":"822cf741-c302-4011-b635-0f14aafad76c", "isDeleted:":"true", "version":"1698776307976"}}
{"logTime": "1118/153837", "correlationVector":"/sw0xbyV0JmVTSsI/WjvJG.168","action":"GetUpdates", "result":"DeleteReceived", "context":{"id":"9adbfb62-9b0f-4926-b684-ca2c5abab91d", "isDeleted:":"true", "version":"1698776307977"}}
{"logTime": "1118/153837", "correlationVector":"/sw0xbyV0JmVTSsI/WjvJG.169","action":"GetUpdates", "result":"DeleteReceived", "context":{"id":"b5d6f0ab-85aa-4a57-9750-94dd9983b0c6", "isDeleted:":"true", "version":"1698819026376"}}
{"logTime": "1118/153837", "correlationVector":"/sw0xbyV0JmVTSsI/WjvJG.170","action":"GetUpdates", "result":"DeleteReceived", "context":{"id":"16815c5f-cf3a-4349-8e23-656bfd9b694d", "isDeleted:":"true", "version":"1698819026378"}}
{"logTime": "1118/153837", "correlationVector":"/sw0xbyV0JmVTSsI/WjvJG.171","action":"GetUpdates", "result":"DeleteReceived", "context":{"id":"6bccf5ed-0a38-4ca5-be22-ab7c2df83040", "isDeleted:":"true", "version":"1698821459434"}}
{"logTime": "1118/153837", "correlationVector":"/sw0xbyV0JmVTSsI/WjvJG.172","action":"GetUpdates", "result":"DeleteReceived", "context":{"id":"f7b2de24-7182-4eda-8f7e-48cd418c12a7", "isDeleted:":"true", "version":"1698825087976"}}
{"logTime": "1118/153837", "correlationVector":"/sw0xbyV0JmVTSsI/WjvJG.173","action":"GetUpdates", "result":"DeleteReceived", "context":{"id":"a07f25f8-487f-4aab-a2a0-39627485125e", "isDeleted:":"true", "version":"1698825087980"}}
{"logTime": "1118/153837", "correlationVector":"/sw0xbyV0JmVTSsI/WjvJG.174","action":"GetUpdates", "result":"DeleteReceived", "context":{"id":"cba2dd37-c308-4082-a0b0-56eb0776f448", "isDeleted:":"true", "version":"1698825087981"}}
{"logTime": "1118/153837", "correlationVector":"/sw0xbyV0JmVTSsI/WjvJG.175","action":"GetUpdates", "result":"DeleteReceived", "context":{"id":"dbe2f9ce-78e8-4ceb-a0fc-04bd5e05ad31", "isDeleted:":"true", "version":"1698826799280"}}
{"logTime": "1118/153837", "correlationVector":"/sw0xbyV0JmVTSsI/WjvJG.176","action":"GetUpdates", "result":"DeleteReceived", "context":{"id":"8487382d-63aa-4b17-8b62-4cda83ed133c", "isDeleted:":"true", "version":"1698831204950"}}
{"logTime": "1118/153837", "correlationVector":"/sw0xbyV0JmVTSsI/WjvJG.177","action":"GetUpdates", "result":"DeleteReceived", "context":{"id":"ec9be374-47da-4ac6-9cc7-3f1a71654034", "isDeleted:":"true", "version":"1698831241682"}}
{"logTime": "1118/153837", "correlationVector":"/sw0xbyV0JmVTSsI/WjvJG.178","action":"GetUpdates", "result":"DeleteReceived", "context":{"id":"fdf63d57-174a-4ec8-8a51-ad7241758e82", "isDeleted:":"true", "version":"1698833559816"}}
{"logTime": "1118/153837", "correlationVector":"/sw0xbyV0JmVTSsI/WjvJG.179","action":"GetUpdates", "result":"DeleteReceived", "context":{"id":"182fac4e-86d0-4e84-b026-1a29cbfa01c1", "isDeleted:":"true", "version":"1698847813779"}}
{"logTime": "1118/153837", "correlationVector":"/sw0xbyV0JmVTSsI/WjvJG.180","action":"GetUpdates", "result":"DeleteReceived", "context":{"id":"07992259-d410-4f21-866f-afe5356fd2a2", "isDeleted:":"true", "version":"1698847813780"}}
{"logTime": "1118/153837", "correlationVector":"/sw0xbyV0JmVTSsI/WjvJG.181","action":"GetUpdates", "result":"DeleteReceived", "context":{"id":"4559c576-bd44-47ed-9526-d72cf3db73d3", "isDeleted:":"true", "version":"1698847813781"}}
{"logTime": "1118/153837", "correlationVector":"/sw0xbyV0JmVTSsI/WjvJG.182","action":"GetUpdates", "result":"DeleteReceived", "context":{"id":"822f79f2-4c71-4d15-b924-36e8a5a4d48a", "isDeleted:":"true", "version":"1698847813782"}}
{"logTime": "1118/153837", "correlationVector":"/sw0xbyV0JmVTSsI/WjvJG.183","action":"GetUpdates", "result":"DeleteReceived", "context":{"id":"8402b094-3d93-4c76-aafd-15757576850d", "isDeleted:":"true", "version":"1698847813783"}}
{"logTime": "1118/153837", "correlationVector":"/sw0xbyV0JmVTSsI/WjvJG.184","action":"GetUpdates", "result":"DeleteReceived", "context":{"id":"45cf772f-c9fb-4d37-bd45-7609626b988f", "isDeleted:":"true", "version":"1698855221344"}}
{"logTime": "1118/153837", "correlationVector":"/sw0xbyV0JmVTSsI/WjvJG.185","action":"GetUpdates", "result":"DeleteReceived", "context":{"id":"d36ba088-d95e-4a44-9ee9-00ba3743ddff", "isDeleted:":"true", "version":"1698855221345"}}
{"logTime": "1118/153837", "correlationVector":"/sw0xbyV0JmVTSsI/WjvJG.186","action":"GetUpdates", "result":"DeleteReceived", "context":{"id":"5925dab0-f821-4b66-b2a9-12d5573b22ed", "isDeleted:":"true", "version":"1698855221347"}}
{"logTime": "1118/153837", "correlationVector":"/sw0xbyV0JmVTSsI/WjvJG.187","action":"GetUpdates", "result":"DeleteReceived", "context":{"id":"f07b5a6f-737c-4e8e-a340-af905858e6d1", "isDeleted:":"true", "version":"1698859862630"}}
{"logTime": "1118/153837", "correlationVector":"/sw0xbyV0JmVTSsI/WjvJG.188","action":"GetUpdates", "result":"DeleteReceived", "context":{"id":"aa6cc7dd-15e0-4687-b563-c812fb8d20ef", "isDeleted:":"true", "version":"1698859862631"}}
{"logTime": "1118/153837", "correlationVector":"/sw0xbyV0JmVTSsI/WjvJG.189","action":"GetUpdates", "result":"DeleteReceived", "context":{"id":"708c1838-f5d7-4fa4-9edf-345b05f30452", "isDeleted:":"true", "version":"1698861180168"}}
{"logTime": "1118/153837", "correlationVector":"/sw0xbyV0JmVTSsI/WjvJG.190","action":"GetUpdates", "result":"DeleteReceived", "context":{"id":"dcbf9d20-69a2-4ff3-b390-ae0a40cdccb7", "isDeleted:":"true", "version":"1698938650173"}}
{"logTime": "1118/153837", "correlationVector":"/sw0xbyV0JmVTSsI/WjvJG.191","action":"GetUpdates", "result":"DeleteReceived", "context":{"id":"0d85a90b-0c5e-49bc-b4b2-03203cfe9b63", "isDeleted:":"true", "version":"1698938650174"}}
{"logTime": "1118/153837", "correlationVector":"/sw0xbyV0JmVTSsI/WjvJG.192","action":"GetUpdates", "result":"DeleteReceived", "context":{"id":"82c96b7f-1c2d-4855-a0cb-9570bb3de840", "isDeleted:":"true", "version":"1698938650175"}}
{"logTime": "1118/153837", "correlationVector":"/sw0xbyV0JmVTSsI/WjvJG.193","action":"GetUpdates", "result":"DeleteReceived", "context":{"id":"eaa6a65c-7bb0-4acd-8778-34aad15bacfb", "isDeleted:":"true", "version":"1698938650176"}}
{"logTime": "1118/153837", "correlationVector":"/sw0xbyV0JmVTSsI/WjvJG.194","action":"GetUpdates", "result":"DeleteReceived", "context":{"id":"94ea164a-7809-441b-b11f-c27a0c9b18ca", "isDeleted:":"true", "version":"1698991339608"}}
{"logTime": "1118/153837", "correlationVector":"/sw0xbyV0JmVTSsI/WjvJG.195","action":"GetUpdates", "result":"DeleteReceived", "context":{"id":"022290a3-f09d-4218-9189-a714eabac333", "isDeleted:":"true", "version":"1698991339609"}}
{"logTime": "1118/153837", "correlationVector":"/sw0xbyV0JmVTSsI/WjvJG.196","action":"GetUpdates", "result":"DeleteReceived", "context":{"id":"01ab33f9-9b36-4112-9548-6df4e1c7fefb", "isDeleted:":"true", "version":"1698991339610"}}
{"logTime": "1118/153837", "correlationVector":"/sw0xbyV0JmVTSsI/WjvJG.197","action":"GetUpdates", "result":"DeleteReceived", "context":{"id":"61c9558f-ad52-46d2-a2ed-3e961db82d6e", "isDeleted:":"true", "version":"1698991339611"}}
{"logTime": "1118/153837", "correlationVector":"/sw0xbyV0JmVTSsI/WjvJG.198","action":"GetUpdates", "result":"DeleteReceived", "context":{"id":"b6aa69e3-37d1-4967-a639-7c25e627cb57", "isDeleted:":"true", "version":"1699008065229"}}
{"logTime": "1118/153837", "correlationVector":"/sw0xbyV0JmVTSsI/WjvJG.199","action":"GetUpdates", "result":"DeleteReceived", "context":{"id":"2c0f46d8-b91c-495a-b3d6-5058abc2ab43", "isDeleted:":"true", "version":"1699008065230"}}
{"logTime": "1118/153837", "correlationVector":"/sw0xbyV0JmVTSsI/WjvJG.200","action":"GetUpdates", "result":"DeleteReceived", "context":{"id":"b8f233c7-9911-4d0e-8789-96eac8b2958d", "isDeleted:":"true", "version":"1699008065231"}}
{"logTime": "1118/153837", "correlationVector":"/sw0xbyV0JmVTSsI/WjvJG.201","action":"GetUpdates", "result":"DeleteReceived", "context":{"id":"d1b2f827-593e-4411-bffe-b5a968e42888", "isDeleted:":"true", "version":"1699008065232"}}
{"logTime": "1118/153837", "correlationVector":"/sw0xbyV0JmVTSsI/WjvJG.202","action":"GetUpdates", "result":"DeleteReceived", "context":{"id":"f8b06f12-d406-438d-9e96-995bb170796d", "isDeleted:":"true", "version":"1699016507495"}}
{"logTime": "1118/153837", "correlationVector":"/sw0xbyV0JmVTSsI/WjvJG.203","action":"GetUpdates", "result":"DeleteReceived", "context":{"id":"c83cb861-3e7a-4b72-b348-8b77e04ff0b0", "isDeleted:":"true", "version":"1699016507497"}}
{"logTime": "1118/153837", "correlationVector":"/sw0xbyV0JmVTSsI/WjvJG.204","action":"GetUpdates", "result":"DeleteReceived", "context":{"id":"c69f522a-d794-4b01-8d1f-df536570fe6f", "isDeleted:":"true", "version":"1699021846301"}}
{"logTime": "1118/153837", "correlationVector":"/sw0xbyV0JmVTSsI/WjvJG.205","action":"GetUpdates", "result":"DeleteReceived", "context":{"id":"60673928-8861-42c7-94a6-c37e80c4ed01", "isDeleted:":"true", "version":"1699084166112"}}
{"logTime": "1118/153837", "correlationVector":"/sw0xbyV0JmVTSsI/WjvJG.206","action":"GetUpdates", "result":"DeleteReceived", "context":{"id":"a6f4b717-53c5-47bc-89a9-3ff93f241202", "isDeleted:":"true", "version":"1699101981674"}}
{"logTime": "1118/153837", "correlationVector":"/sw0xbyV0JmVTSsI/WjvJG.207","action":"GetUpdates", "result":"DeleteReceived", "context":{"id":"47921cbf-dee5-4d75-a21d-7d19bda520ab", "isDeleted:":"true", "version":"1699102300876"}}
{"logTime": "1118/153837", "correlationVector":"/sw0xbyV0JmVTSsI/WjvJG.208","action":"GetUpdates", "result":"DeleteReceived", "context":{"id":"c76a4943-4305-4283-8228-81c9bed1403f", "isDeleted:":"true", "version":"1699112811665"}}
{"logTime": "1118/153837", "correlationVector":"/sw0xbyV0JmVTSsI/WjvJG.209","action":"GetUpdates", "result":"DeleteReceived", "context":{"id":"eb60c5f1-19c4-463f-9372-26f2f7ff85f9", "isDeleted:":"true", "version":"1699187591886"}}
{"logTime": "1118/153837", "correlationVector":"/sw0xbyV0JmVTSsI/WjvJG.210","action":"GetUpdates", "result":"DeleteReceived", "context":{"id":"b4b4db1e-9333-4127-a47e-9b7bf8fb9db8", "isDeleted:":"true", "version":"1699192053496"}}
{"logTime": "1118/153837", "correlationVector":"/sw0xbyV0JmVTSsI/WjvJG.211","action":"GetUpdates", "result":"DeleteReceived", "context":{"id":"75f5b9ae-4ed1-416b-8f30-e1bd2d0a382b", "isDeleted:":"true", "version":"1699424898128"}}
{"logTime": "1118/153837", "correlationVector":"/sw0xbyV0JmVTSsI/WjvJG.212","action":"GetUpdates", "result":"DeleteReceived", "context":{"id":"d3bbcbb9-8806-4c8b-95d0-45060a0d58d0", "isDeleted:":"true", "version":"1699470639691"}}
{"logTime": "1118/153837", "correlationVector":"/sw0xbyV0JmVTSsI/WjvJG.213","action":"GetUpdates", "result":"DeleteReceived", "context":{"id":"79491036-a9bf-46eb-96b5-3fb4ad47002a", "isDeleted:":"true", "version":"1699600625066"}}
{"logTime": "1118/153837", "correlationVector":"/sw0xbyV0JmVTSsI/WjvJG.214","action":"GetUpdates", "result":"DeleteReceived", "context":{"id":"02dde9ee-3650-49e8-9f9b-29121809a421", "isDeleted:":"true", "version":"1699600625067"}}
{"logTime": "1118/153837", "correlationVector":"/sw0xbyV0JmVTSsI/WjvJG.215","action":"GetUpdates", "result":"DeleteReceived", "context":{"id":"c3ef8da5-2d05-4353-a3ad-1d5f4f04aa57", "isDeleted:":"true", "version":"1699882098733"}}
{"logTime": "1118/153837", "correlationVector":"/sw0xbyV0JmVTSsI/WjvJG.216","action":"GetUpdates", "result":"DeleteReceived", "context":{"id":"d5fbc486-b0f0-4938-bedd-835ff4abf6d3", "isDeleted:":"true", "version":"1699882098734"}}
{"logTime": "1118/153837", "correlationVector":"/sw0xbyV0JmVTSsI/WjvJG.217","action":"GetUpdates Response", "result":"SERVER_MORE_TO_DOWNLOAD", "context":Received 250 update(s).  Some updates remain.}
{"logTime": "1118/153837", "correlationVector":"vKPRQ6zbT9djcrggiLi8ZJ","action":"Initial GetUpdates", "result":"", "context":Reason: RECONFIGURATION. cV=vKPRQ6zbT9djcrggiLi8ZJ}
{"logTime": "1118/153837", "correlationVector":"vKPRQ6zbT9djcrggiLi8ZJ.1","action":"SyncServerConnectionManagerRequest", "result":"SYNC_SERVER_OK", "context":{"environment":"Prod_SoutheastAsia_000j", "migrationStage":"NotStarted", "server":"GENERAL0100000Q"}}
{"logTime": "1118/153837", "correlationVector":"vKPRQ6zbT9djcrggiLi8ZJ.2","action":"GetUpdates", "result":"DeleteReceived", "context":{"id":"9bf55fad-2bb2-45d4-90e5-615f9cc6f2fe", "isDeleted:":"true", "version":"1699885858129"}}
{"logTime": "1118/153837", "correlationVector":"vKPRQ6zbT9djcrggiLi8ZJ.3","action":"GetUpdates", "result":"DeleteReceived", "context":{"id":"afa0bd92-4c84-405d-bbb4-90865a70ebbb", "isDeleted:":"true", "version":"1699885858130"}}
{"logTime": "1118/153837", "correlationVector":"vKPRQ6zbT9djcrggiLi8ZJ.4","action":"GetUpdates", "result":"DeleteReceived", "context":{"id":"a9cfeff9-2e30-4fc9-8caa-aa420b4749b7", "isDeleted:":"true", "version":"1699886157386"}}
{"logTime": "1118/153837", "correlationVector":"vKPRQ6zbT9djcrggiLi8ZJ.5","action":"GetUpdates", "result":"DeleteReceived", "context":{"id":"5c507a92-e9ab-44b7-9447-a998802ffa34", "isDeleted:":"true", "version":"1699957880458"}}
{"logTime": "1118/153837", "correlationVector":"vKPRQ6zbT9djcrggiLi8ZJ.6","action":"GetUpdates", "result":"DeleteReceived", "context":{"id":"ac763c27-4c8a-422f-ac4a-a592e287f0e3", "isDeleted:":"true", "version":"1700052829745"}}
{"logTime": "1118/153837", "correlationVector":"vKPRQ6zbT9djcrggiLi8ZJ.7","action":"GetUpdates", "result":"DeleteReceived", "context":{"id":"e5ca6f83-e055-4e84-b0d7-34c0ca40ee29", "isDeleted:":"true", "version":"1700062432171"}}
{"logTime": "1118/153837", "correlationVector":"vKPRQ6zbT9djcrggiLi8ZJ.8","action":"GetUpdates Response", "result":"SYNCER_OK", "context":Received 16 update(s). cV=vKPRQ6zbT9djcrggiLi8ZJ.0;server=GENERAL0100000Q;cloudType=Consumer;environment=Prod_SoutheastAsia_000j;migrationStage=NotStarted}
{"logTime": "1118/153837", "correlationVector":"0y71wGwO0ZVT7UrbWuGFSL","action":"Normal GetUpdate request", "result":"", "context":cV=0y71wGwO0ZVT7UrbWuGFSL
Nudged types: Bookmarks, Preferences, Typed URLs, Sessions, Device Info, User Consents
Refresh requested types: Bookmarks, Preferences, Passwords, Autofill Profiles, Autofill, Autofill Custom Data, Typed URLs, Extensions, Sessions, Extension settings, History Delete Directives, Device Info, User Consents, Send Tab To Self, Web Apps, Collection, Edge E Drop, Edge Hub App Usage, Edge Wallet, Encryption Keys}
{"logTime": "1118/153837", "correlationVector":"0y71wGwO0ZVT7UrbWuGFSL.1","action":"SyncServerConnectionManagerRequest", "result":"SYNC_SERVER_OK", "context":{"environment":"Prod_SoutheastAsia_000j", "migrationStage":"NotStarted", "server":"GENERAL0100000H"}}
{"logTime": "1118/153837", "correlationVector":"0y71wGwO0ZVT7UrbWuGFSL.2","action":"GetUpdates Response", "result":"SYNCER_OK", "context":Received 1 update(s). cV=0y71wGwO0ZVT7UrbWuGFSL.0;server=GENERAL0100000H;cloudType=Consumer;environment=Prod_SoutheastAsia_000j;migrationStage=NotStarted}
{"logTime": "1118/153837", "correlationVector":"WN5zW9fyohKBhXb2GTsFC5","action":"Commit Request", "result":"", "context":Item count: 1
Contributing types: Device Info}
{"logTime": "1118/153837", "correlationVector":"WN5zW9fyohKBhXb2GTsFC5.1","action":"SyncServerConnectionManagerRequest", "result":"SYNC_SERVER_OK", "context":{"environment":"Prod_SoutheastAsia_000j", "migrationStage":"NotStarted", "server":"GENERAL01000010"}}
{"logTime": "1118/153837", "correlationVector":"WN5zW9fyohKBhXb2GTsFC5.2","action":"Commit Response", "result":"SYNCER_OK", "context":Result: SYNCER_OK. cV=WN5zW9fyohKBhXb2GTsFC5.0;server=GENERAL01000010;cloudType=Consumer;environment=Prod_SoutheastAsia_000j;migrationStage=NotStarted}
{"logTime": "1118/153837", "correlationVector":"KMyOrFaNk1TW2c1rj+PVby","action":"Commit Request", "result":"", "context":Item count: 11
Contributing types: Bookmarks, Preferences, Typed URLs, Sessions, User Consents}
{"logTime": "1118/153837", "correlationVector":"KMyOrFaNk1TW2c1rj+PVby.1","action":"SyncServerConnectionManagerRequest", "result":"SYNC_SERVER_OK", "context":{"environment":"Prod_SoutheastAsia_000j", "migrationStage":"NotStarted", "server":"GENERAL0100000N"}}
{"logTime": "1118/153837", "correlationVector":"KMyOrFaNk1TW2c1rj+PVby.2","action":"Commit Response", "result":"SYNCER_OK", "context":Result: SYNCER_OK. cV=KMyOrFaNk1TW2c1rj+PVby.0;server=GENERAL0100000N;cloudType=Consumer;environment=Prod_SoutheastAsia_000j;migrationStage=NotStarted}
{"logTime": "1118/153837", "correlationVector":"NwIF599/HR8YNpcGOM38io","action":"Commit Request", "result":"", "context":Item count: 2
Contributing types: User Consents}
{"logTime": "1118/153837", "correlationVector":"NwIF599/HR8YNpcGOM38io.1","action":"SyncServerConnectionManagerRequest", "result":"SYNC_SERVER_OK", "context":{"environment":"Prod_SoutheastAsia_000j", "migrationStage":"NotStarted", "server":"GENERAL0100001K"}}
{"logTime": "1118/153837", "correlationVector":"NwIF599/HR8YNpcGOM38io.2","action":"Commit Response", "result":"SYNCER_OK", "context":Result: SYNCER_OK. cV=NwIF599/HR8YNpcGOM38io.0;server=GENERAL0100001K;cloudType=Consumer;environment=Prod_SoutheastAsia_000j;migrationStage=NotStarted}
{"logTime": "1118/153844", "correlationVector":"9mTnVK/r9M1kZpHT8OHbLx","action":"Commit Request", "result":"", "context":Item count: 1
Contributing types: Edge Hub App Usage}
{"logTime": "1118/153845", "correlationVector":"9mTnVK/r9M1kZpHT8OHbLx.1","action":"SyncServerConnectionManagerRequest", "result":"SYNC_SERVER_OK", "context":{"environment":"Prod_SoutheastAsia_000j", "migrationStage":"NotStarted", "server":"GENERAL0100000Q"}}
{"logTime": "1118/153845", "correlationVector":"9mTnVK/r9M1kZpHT8OHbLx.2","action":"Commit Response", "result":"SYNCER_OK", "context":Result: SYNCER_OK. cV=9mTnVK/r9M1kZpHT8OHbLx.0;server=GENERAL0100000Q;cloudType=Consumer;environment=Prod_SoutheastAsia_000j;migrationStage=NotStarted}
